[23:08:27] === Morning Report — 2026-04-29 ===
The morning report for 2026-04-29 has been written to `reports/morning/2026-04-29.md`.

Here's a summary of what it covers:

**Last night's results (Industrial Megamap Tycoon):**
- 5 tasks completed, 0 failures, 0 blockers
- M1 (Infrastructure Foundation) fully complete: constants module, RemoteEvents, player data schema, team auto-balance service
- M2 started early: full 1200×1200 megamap geometry built in Studio (it-005 was a cross-milestone bonus task enabled by spare budget)
- 5 PRs opened (#8–12), all awaiting QA agent review
- 1 unrelated agency-config PR merged (#7)

**Tonight's plan:**
- it-006 (80 min) — place Lumber zone machine assets, completing M2
- it-007 (80 min) — ConveyorBelt server module, M3 early start
- Possibly it-008 and it-009 (50 min each) if it-006 and it-007 finish in time — total 260 min vs 288-min budget
- No human action needed before 11 pm; sprint can proceed automatically

**Notable:** Nine architectural decisions were logged by the Architect (all new). The four most significant (server-authoritative conveyor movement, round-scoped upgrades, dual wallet flow, cosmetic ticket placeholder) are summarized in the report. Two items will need human sign-off before launch: Boost Bucks conversion rate and VIP server pricing.
[23:11:55] Morning report written to: /c/Users/oajsa/OneDrive/Desktop/Projects/roblox-agency/reports/morning/2026-04-29.md
[23:11:55] === Morning Report Complete ===
[23:42:31] === Morning Report — 2026-04-29 ===
The morning report for the April 29 night cycle has been written to `reports/morning/2026-04-29.md`.

**Report summary:**

- **4 tasks completed** last night across four milestones: ConveyorBelt module (M3), TeamService wallet API (M4), UpgradeStateService (M5), and Lumber zone machine assets (M2 — closes the milestone).
- **No failures, no blockers, no replanning** events.
- **4 new PRs opened** (#13–#16), joining 5 from prior nights — 9 total open PRs awaiting QA, none labeled `qa-approved`. This is flagged for the human's attention.
- **Tonight's plan** targets M3 completion (it-008, it-009, it-010 = 150 min) plus it-011 and it-014 if budget allows (~250 min of 288 available). M3 is forecast to close tonight.
- One note for the human: no task currently creates the `Team A` / `Team B` Team objects in Studio — Planner should address this before M4 Round Manager work begins.
[23:48:19] Morning report written to: /c/Users/oajsa/OneDrive/Desktop/Projects/roblox-agency/reports/morning/2026-04-29.md
[23:48:19] === Morning Report Complete ===
